25/07/21 09:40:28->Scan:8850360021045
25/07/21 09:40:28->Response:8850360021045
25/07/21 09:40:38->Scan:885036002104
25/07/21 09:40:39->Response:885036002104
25/07/21 09:58:15->Scan:1234567
25/07/21 09:58:15->Response:1234567
25/07/21 09:58:35->Scan:8850360021045
25/07/21 09:58:35->Response:8850360021045

--test new file structure 17 cols
25/07/21 10:39:37->Scan:123
25/07/21 10:39:37->Response:123
25/07/21 10:40:02->Scan:8850360021045
25/07/21 10:40:02->Response:8850360021045
25/07/21 10:41:09->Scan:8850360021045
25/07/21 10:41:09->Response:8850360021045

25/07/21 10:42:34->Scan:23697621|
25/07/21 10:42:34->Response:23697621|
25/07/21 10:42:39->Scan:23697621
25/07/21 10:42:39->Response:23697621
25/07/21 10:43:30->Scan:22287137
25/07/21 10:43:30->Response:22287137
25/07/21 10:44:06->Scan:22287137
25/07/21 10:44:06->Response:22287137
25/07/21 10:44:26->Scan:22287137
25/07/21 10:44:26->Response:22287137


25/07/21 12:27:57->Scan:21851179
25/07/21 12:27:57->Response:21851179
25/07/21 12:28:08->Scan:8850360021045
25/07/21 12:28:08->Response:8850360021045
25/07/21 12:28:19->Scan:1234567
25/07/21 12:28:19->Response:1234567
25/07/21 12:28:54->Scan:21614859
25/07/21 12:28:54->Response:21614859
25/07/21 12:48:30->Scan:123
25/07/21 12:48:30->Response:123
25/07/21 12:48:35->Scan:123eeee
25/07/21 12:48:35->Response:123eeee
25/07/21 12:49:05->Scan:8850360021045
25/07/21 12:49:05->Response:8850360021045
--Check debug
25/07/21 02:08:59->Scan:assa
25/07/21 02:08:59->Response:assa
25/07/21 02:13:12->Scan:22147295
25/07/21 02:13:12->Response:22147295
25/07/21 02:13:32->Scan:22147295wewe
25/07/21 02:13:32->Response:22147295wewe
25/07/21 02:13:44->Scan:22147295wewe
25/07/21 02:13:44->Response:22147295wewe
24/08/21 02:38:24->Scan:111
24/08/21 02:38:24->Response:111
